<?xml version="1.0" encoding="UTF-8"?>
<testsuite name="org.example.OrderProcessorTest" tests="2" skipped="0" failures="0" errors="0" timestamp="2023-10-23T09:32:24" hostname="UNKNOWN" time="0.331">
  <properties/>
  <testcase name="testProcessOrderWithFailedPayment()" classname="org.example.OrderProcessorTest" time="0.328"/>
  <testcase name="testProcessOrderWithSuccessfulPayment()" classname="org.example.OrderProcessorTest" time="0.002"/>
  <system-out><![CDATA[]]></system-out>
  <system-err><![CDATA[]]></system-err>
</testsuite>
