<?xml version="1.0" encoding="UTF-8"?>
<testsuite name="CodeHW3Test" tests="2" skipped="0" failures="0" errors="0" timestamp="2023-10-13T09:06:34" hostname="UNKNOWN" time="0.555">
  <properties/>
  <testcase name="isPrimeTest" classname="CodeHW3Test" time="0.46"/>
  <testcase name="evenOrOddTest" classname="CodeHW3Test" time="0.094"/>
  <system-out><![CDATA[timestamp = 2023-10-13T11:06:35.047040200, generated = 
  arg0: -100


timestamp = 2023-10-13T11:06:35.075881200, generated = 
  arg0: -99


timestamp = 2023-10-13T11:06:35.078403600, generated = 
  arg0: -98


timestamp = 2023-10-13T11:06:35.080678, generated = 
  arg0: -97


timestamp = 2023-10-13T11:06:35.082113700, generated = 
  arg0: -96


timestamp = 2023-10-13T11:06:35.084635600, generated = 
  arg0: -95


timestamp = 2023-10-13T11:06:35.086981300, generated = 
  arg0: -94


timestamp = 2023-10-13T11:06:35.089778700, generated = 
  arg0: -93


timestamp = 2023-10-13T11:06:35.090798600, generated = 
  arg0: -92


timestamp = 2023-10-13T11:06:35.092835200, generated = 
  arg0: -91


timestamp = 2023-10-13T11:06:35.093833400, generated = 
  arg0: -90


timestamp = 2023-10-13T11:06:35.096026500, generated = 
  arg0: -89


timestamp = 2023-10-13T11:06:35.097043600, generated = 
  arg0: -88


timestamp = 2023-10-13T11:06:35.099576600, generated = 
  arg0: -87


timestamp = 2023-10-13T11:06:35.100589700, generated = 
  arg0: -86


timestamp = 2023-10-13T11:06:35.101590300, generated = 
  arg0: -85


timestamp = 2023-10-13T11:06:35.103589500, generated = 
  arg0: -84


timestamp = 2023-10-13T11:06:35.104590300, generated = 
  arg0: -83


timestamp = 2023-10-13T11:06:35.106773300, generated = 
  arg0: -82


timestamp = 2023-10-13T11:06:35.108197300, generated = 
  arg0: -81


timestamp = 2023-10-13T11:06:35.109204300, generated = 
  arg0: -80


timestamp = 2023-10-13T11:06:35.111294400, generated = 
  arg0: -79


timestamp = 2023-10-13T11:06:35.112291200, generated = 
  arg0: -78


timestamp = 2023-10-13T11:06:35.113289600, generated = 
  arg0: -77


timestamp = 2023-10-13T11:06:35.114641700, generated = 
  arg0: -76


timestamp = 2023-10-13T11:06:35.115660200, generated = 
  arg0: -75


timestamp = 2023-10-13T11:06:35.115660200, generated = 
  arg0: -74


timestamp = 2023-10-13T11:06:35.117674900, generated = 
  arg0: -73


timestamp = 2023-10-13T11:06:35.120180400, generated = 
  arg0: -72


timestamp = 2023-10-13T11:06:35.122212900, generated = 
  arg0: -71


timestamp = 2023-10-13T11:06:35.124213100, generated = 
  arg0: -70


timestamp = 2023-10-13T11:06:35.125212900, generated = 
  arg0: -69


timestamp = 2023-10-13T11:06:35.126211700, generated = 
  arg0: -68


timestamp = 2023-10-13T11:06:35.129213500, generated = 
  arg0: -67


timestamp = 2023-10-13T11:06:35.130722700, generated = 
  arg0: -66


timestamp = 2023-10-13T11:06:35.131740800, generated = 
  arg0: -65


timestamp = 2023-10-13T11:06:35.135755500, generated = 
  arg0: -64


timestamp = 2023-10-13T11:06:35.138755700, generated = 
  arg0: -63


timestamp = 2023-10-13T11:06:35.139750900, generated = 
  arg0: -62


timestamp = 2023-10-13T11:06:35.141264300, generated = 
  arg0: -61


timestamp = 2023-10-13T11:06:35.143401300, generated = 
  arg0: -60


timestamp = 2023-10-13T11:06:35.144400400, generated = 
  arg0: -59


timestamp = 2023-10-13T11:06:35.145400400, generated = 
  arg0: -58


timestamp = 2023-10-13T11:06:35.145400400, generated = 
  arg0: -57


timestamp = 2023-10-13T11:06:35.146404300, generated = 
  arg0: -56


timestamp = 2023-10-13T11:06:35.147403600, generated = 
  arg0: -55


timestamp = 2023-10-13T11:06:35.147403600, generated = 
  arg0: -54


timestamp = 2023-10-13T11:06:35.148405100, generated = 
  arg0: -53


timestamp = 2023-10-13T11:06:35.149239600, generated = 
  arg0: -52


timestamp = 2023-10-13T11:06:35.150253700, generated = 
  arg0: -51


timestamp = 2023-10-13T11:06:35.150253700, generated = 
  arg0: -50


timestamp = 2023-10-13T11:06:35.151850100, generated = 
  arg0: -49


timestamp = 2023-10-13T11:06:35.151850100, generated = 
  arg0: -48


timestamp = 2023-10-13T11:06:35.152860300, generated = 
  arg0: -47


timestamp = 2023-10-13T11:06:35.152860300, generated = 
  arg0: -46


timestamp = 2023-10-13T11:06:35.154227800, generated = 
  arg0: -45


timestamp = 2023-10-13T11:06:35.154227800, generated = 
  arg0: -44


timestamp = 2023-10-13T11:06:35.155740800, generated = 
  arg0: -43


timestamp = 2023-10-13T11:06:35.156786300, generated = 
  arg0: -42


timestamp = 2023-10-13T11:06:35.156786300, generated = 
  arg0: -41


timestamp = 2023-10-13T11:06:35.159373800, generated = 
  arg0: -40


timestamp = 2023-10-13T11:06:35.161475300, generated = 
  arg0: -39


timestamp = 2023-10-13T11:06:35.162491700, generated = 
  arg0: -38


timestamp = 2023-10-13T11:06:35.163121, generated = 
  arg0: -37


timestamp = 2023-10-13T11:06:35.164133500, generated = 
  arg0: -36


timestamp = 2023-10-13T11:06:35.165190500, generated = 
  arg0: -35


timestamp = 2023-10-13T11:06:35.165190500, generated = 
  arg0: -34


timestamp = 2023-10-13T11:06:35.169445700, generated = 
  arg0: -33


timestamp = 2023-10-13T11:06:35.171573100, generated = 
  arg0: -32


timestamp = 2023-10-13T11:06:35.171573100, generated = 
  arg0: -31


timestamp = 2023-10-13T11:06:35.175370600, generated = 
  arg0: -30


timestamp = 2023-10-13T11:06:35.176603500, generated = 
  arg0: -29


timestamp = 2023-10-13T11:06:35.177618400, generated = 
  arg0: -28


timestamp = 2023-10-13T11:06:35.177618400, generated = 
  arg0: -27


timestamp = 2023-10-13T11:06:35.180772200, generated = 
  arg0: -26


timestamp = 2023-10-13T11:06:35.181825800, generated = 
  arg0: -25


timestamp = 2023-10-13T11:06:35.183900400, generated = 
  arg0: -24


timestamp = 2023-10-13T11:06:35.185473300, generated = 
  arg0: -23


timestamp = 2023-10-13T11:06:35.187017100, generated = 
  arg0: -22


timestamp = 2023-10-13T11:06:35.188031800, generated = 
  arg0: -21


timestamp = 2023-10-13T11:06:35.189033100, generated = 
  arg0: -20


timestamp = 2023-10-13T11:06:35.189033100, generated = 
  arg0: -19


timestamp = 2023-10-13T11:06:35.191030900, generated = 
  arg0: -18


timestamp = 2023-10-13T11:06:35.192031600, generated = 
  arg0: -17


timestamp = 2023-10-13T11:06:35.193032300, generated = 
  arg0: -16


timestamp = 2023-10-13T11:06:35.193032300, generated = 
  arg0: -15


timestamp = 2023-10-13T11:06:35.195568200, generated = 
  arg0: -14


timestamp = 2023-10-13T11:06:35.196582100, generated = 
  arg0: -13


timestamp = 2023-10-13T11:06:35.198580600, generated = 
  arg0: -12


timestamp = 2023-10-13T11:06:35.200581700, generated = 
  arg0: -11


timestamp = 2023-10-13T11:06:35.200581700, generated = 
  arg0: -10


timestamp = 2023-10-13T11:06:35.201583100, generated = 
  arg0: -9


timestamp = 2023-10-13T11:06:35.202578400, generated = 
  arg0: -8


timestamp = 2023-10-13T11:06:35.202578400, generated = 
  arg0: -7


timestamp = 2023-10-13T11:06:35.203883300, generated = 
  arg0: -6


timestamp = 2023-10-13T11:06:35.204892900, generated = 
  arg0: -5


timestamp = 2023-10-13T11:06:35.205906300, generated = 
  arg0: -4


timestamp = 2023-10-13T11:06:35.205906300, generated = 
  arg0: -3


timestamp = 2023-10-13T11:06:35.206917600, generated = 
  arg0: -2


timestamp = 2023-10-13T11:06:35.206917600, generated = 
  arg0: -1


timestamp = 2023-10-13T11:06:35.207919800, generated = 
  arg0: 0


timestamp = 2023-10-13T11:06:35.207919800, generated = 
  arg0: 1


timestamp = 2023-10-13T11:06:35.208918300, generated = 
  arg0: 2


timestamp = 2023-10-13T11:06:35.209921300, generated = 
  arg0: 3


timestamp = 2023-10-13T11:06:35.209921300, generated = 
  arg0: 4


timestamp = 2023-10-13T11:06:35.210918900, generated = 
  arg0: 5


timestamp = 2023-10-13T11:06:35.210918900, generated = 
  arg0: 6


timestamp = 2023-10-13T11:06:35.210918900, generated = 
  arg0: 7


timestamp = 2023-10-13T11:06:35.211922200, generated = 
  arg0: 8


timestamp = 2023-10-13T11:06:35.211922200, generated = 
  arg0: 9


timestamp = 2023-10-13T11:06:35.212920200, generated = 
  arg0: 10


timestamp = 2023-10-13T11:06:35.212920200, generated = 
  arg0: 11


timestamp = 2023-10-13T11:06:35.213922200, generated = 
  arg0: 12


timestamp = 2023-10-13T11:06:35.213922200, generated = 
  arg0: 13


timestamp = 2023-10-13T11:06:35.213922200, generated = 
  arg0: 14


timestamp = 2023-10-13T11:06:35.213922200, generated = 
  arg0: 15


timestamp = 2023-10-13T11:06:35.215435800, generated = 
  arg0: 16


timestamp = 2023-10-13T11:06:35.216454200, generated = 
  arg0: 17


timestamp = 2023-10-13T11:06:35.216454200, generated = 
  arg0: 18


timestamp = 2023-10-13T11:06:35.217451300, generated = 
  arg0: 19


timestamp = 2023-10-13T11:06:35.218465500, generated = 
  arg0: 20


timestamp = 2023-10-13T11:06:35.219468100, generated = 
  arg0: 21


timestamp = 2023-10-13T11:06:35.220466500, generated = 
  arg0: 22


timestamp = 2023-10-13T11:06:35.221586400, generated = 
  arg0: 23


timestamp = 2023-10-13T11:06:35.223603800, generated = 
  arg0: 24


timestamp = 2023-10-13T11:06:35.224601200, generated = 
  arg0: 25


timestamp = 2023-10-13T11:06:35.224601200, generated = 
  arg0: 26


timestamp = 2023-10-13T11:06:35.227134900, generated = 
  arg0: 27


timestamp = 2023-10-13T11:06:35.230371900, generated = 
  arg0: 28


timestamp = 2023-10-13T11:06:35.231371300, generated = 
  arg0: 29


timestamp = 2023-10-13T11:06:35.233371200, generated = 
  arg0: 30


timestamp = 2023-10-13T11:06:35.233371200, generated = 
  arg0: 31


timestamp = 2023-10-13T11:06:35.234565400, generated = 
  arg0: 32


timestamp = 2023-10-13T11:06:35.235581100, generated = 
  arg0: 33


timestamp = 2023-10-13T11:06:35.235581100, generated = 
  arg0: 34


timestamp = 2023-10-13T11:06:35.235581100, generated = 
  arg0: 35


timestamp = 2023-10-13T11:06:35.235581100, generated = 
  arg0: 36


timestamp = 2023-10-13T11:06:35.235581100, generated = 
  arg0: 37


timestamp = 2023-10-13T11:06:35.237235600, generated = 
  arg0: 38


timestamp = 2023-10-13T11:06:35.238108600, generated = 
  arg0: 39


timestamp = 2023-10-13T11:06:35.238108600, generated = 
  arg0: 40


timestamp = 2023-10-13T11:06:35.239128100, generated = 
  arg0: 41


timestamp = 2023-10-13T11:06:35.239128100, generated = 
  arg0: 42


timestamp = 2023-10-13T11:06:35.239128100, generated = 
  arg0: 43


timestamp = 2023-10-13T11:06:35.239128100, generated = 
  arg0: 44


timestamp = 2023-10-13T11:06:35.240284400, generated = 
  arg0: 45


timestamp = 2023-10-13T11:06:35.240284400, generated = 
  arg0: 46


timestamp = 2023-10-13T11:06:35.240284400, generated = 
  arg0: 47


timestamp = 2023-10-13T11:06:35.241389600, generated = 
  arg0: 48


timestamp = 2023-10-13T11:06:35.241389600, generated = 
  arg0: 49


timestamp = 2023-10-13T11:06:35.241389600, generated = 
  arg0: 50


timestamp = 2023-10-13T11:06:35.242702900, generated = 
  arg0: 51


timestamp = 2023-10-13T11:06:35.242702900, generated = 
  arg0: 52


timestamp = 2023-10-13T11:06:35.242702900, generated = 
  arg0: 53


timestamp = 2023-10-13T11:06:35.243760400, generated = 
  arg0: 54


timestamp = 2023-10-13T11:06:35.243760400, generated = 
  arg0: 55


timestamp = 2023-10-13T11:06:35.243760400, generated = 
  arg0: 56


timestamp = 2023-10-13T11:06:35.244936600, generated = 
  arg0: 57


timestamp = 2023-10-13T11:06:35.244936600, generated = 
  arg0: 58


timestamp = 2023-10-13T11:06:35.244936600, generated = 
  arg0: 59


timestamp = 2023-10-13T11:06:35.244936600, generated = 
  arg0: 60


timestamp = 2023-10-13T11:06:35.244936600, generated = 
  arg0: 61


timestamp = 2023-10-13T11:06:35.246370200, generated = 
  arg0: 62


timestamp = 2023-10-13T11:06:35.246370200, generated = 
  arg0: 63


timestamp = 2023-10-13T11:06:35.246370200, generated = 
  arg0: 64


timestamp = 2023-10-13T11:06:35.247891700, generated = 
  arg0: 65


timestamp = 2023-10-13T11:06:35.247891700, generated = 
  arg0: 66


timestamp = 2023-10-13T11:06:35.248912300, generated = 
  arg0: 67


timestamp = 2023-10-13T11:06:35.248912300, generated = 
  arg0: 68


timestamp = 2023-10-13T11:06:35.248912300, generated = 
  arg0: 69


timestamp = 2023-10-13T11:06:35.249927500, generated = 
  arg0: 70


timestamp = 2023-10-13T11:06:35.249927500, generated = 
  arg0: 71


timestamp = 2023-10-13T11:06:35.250927400, generated = 
  arg0: 72


timestamp = 2023-10-13T11:06:35.250927400, generated = 
  arg0: 73


timestamp = 2023-10-13T11:06:35.250927400, generated = 
  arg0: 74


timestamp = 2023-10-13T11:06:35.251925300, generated = 
  arg0: 75


timestamp = 2023-10-13T11:06:35.251925300, generated = 
  arg0: 76


timestamp = 2023-10-13T11:06:35.251925300, generated = 
  arg0: 77


timestamp = 2023-10-13T11:06:35.253308, generated = 
  arg0: 78


timestamp = 2023-10-13T11:06:35.253308, generated = 
  arg0: 79


timestamp = 2023-10-13T11:06:35.253308, generated = 
  arg0: 80


timestamp = 2023-10-13T11:06:35.254525, generated = 
  arg0: 81


timestamp = 2023-10-13T11:06:35.254525, generated = 
  arg0: 82


timestamp = 2023-10-13T11:06:35.254525, generated = 
  arg0: 83


timestamp = 2023-10-13T11:06:35.255539800, generated = 
  arg0: 84


timestamp = 2023-10-13T11:06:35.255539800, generated = 
  arg0: 85


timestamp = 2023-10-13T11:06:35.255539800, generated = 
  arg0: 86


timestamp = 2023-10-13T11:06:35.255539800, generated = 
  arg0: 87


timestamp = 2023-10-13T11:06:35.256540200, generated = 
  arg0: 88


timestamp = 2023-10-13T11:06:35.256540200, generated = 
  arg0: 89


timestamp = 2023-10-13T11:06:35.256540200, generated = 
  arg0: 90


timestamp = 2023-10-13T11:06:35.257538400, generated = 
  arg0: 91


timestamp = 2023-10-13T11:06:35.258538900, generated = 
  arg0: 92


timestamp = 2023-10-13T11:06:35.258538900, generated = 
  arg0: 93


timestamp = 2023-10-13T11:06:35.258538900, generated = 
  arg0: 94


timestamp = 2023-10-13T11:06:35.259637100, generated = 
  arg0: 95


timestamp = 2023-10-13T11:06:35.259637100, generated = 
  arg0: 96


timestamp = 2023-10-13T11:06:35.259637100, generated = 
  arg0: 97


timestamp = 2023-10-13T11:06:35.260804, generated = 
  arg0: 98


timestamp = 2023-10-13T11:06:35.260804, generated = 
  arg0: 99


timestamp = 2023-10-13T11:06:35.261820600, generated = 
  arg0: 100


timestamp = 2023-10-13T11:06:35.281010300, [CodeHW3Test:isPrimeTest] (201) ExpectedResult = 
       # | label | count | 
    -----|-------|-------|---------------------------------------------------------------------------------
       0 | false |   176 | ################################################################################
       1 |  true |    25 | ###########

timestamp = 2023-10-13T11:06:35.282006, [CodeHW3Test:isPrimeTest] (201) OurMethod = 
       # | label | count | 
    -----|-------|-------|---------------------------------------------------------------------------------
       0 | false |   176 | ################################################################################
       1 |  true |    25 | ###########

timestamp = 2023-10-13T11:06:35.290319800, CodeHW3Test:isPrimeTest = 
                              |-----------------------jqwik-----------------------
tries = 201                   | # of calls to property
checks = 201                  | # of not rejected calls
generation = EXHAUSTIVE       | parameters are exhaustively generated
after-failure = SAMPLE_FIRST  | try previously failed sample, then previous seed
when-fixed-seed = ALLOW       | fixing the random seed is allowed
edge-cases#mode = MIXIN       | edge cases are mixed in
edge-cases#total = 0          | # of all combined edge cases
edge-cases#tried = 0          | # of edge cases tried in current run
seed = 8786696542553867779    | random seed to reproduce generated values


timestamp = 2023-10-13T11:06:35.296404400, generated = 
  arg0: -100


timestamp = 2023-10-13T11:06:35.298496600, generated = 
  arg0: -99


timestamp = 2023-10-13T11:06:35.298496600, generated = 
  arg0: -98


timestamp = 2023-10-13T11:06:35.299830600, generated = 
  arg0: -97


timestamp = 2023-10-13T11:06:35.300900300, generated = 
  arg0: -96


timestamp = 2023-10-13T11:06:35.301853400, generated = 
  arg0: -95


timestamp = 2023-10-13T11:06:35.301853400, generated = 
  arg0: -94


timestamp = 2023-10-13T11:06:35.302904100, generated = 
  arg0: -93


timestamp = 2023-10-13T11:06:35.302904100, generated = 
  arg0: -92


timestamp = 2023-10-13T11:06:35.302904100, generated = 
  arg0: -91


timestamp = 2023-10-13T11:06:35.303924400, generated = 
  arg0: -90


timestamp = 2023-10-13T11:06:35.303924400, generated = 
  arg0: -89


timestamp = 2023-10-13T11:06:35.304938200, generated = 
  arg0: -88


timestamp = 2023-10-13T11:06:35.304938200, generated = 
  arg0: -87


timestamp = 2023-10-13T11:06:35.305942200, generated = 
  arg0: -86


timestamp = 2023-10-13T11:06:35.305942200, generated = 
  arg0: -85


timestamp = 2023-10-13T11:06:35.306935500, generated = 
  arg0: -84


timestamp = 2023-10-13T11:06:35.308300800, generated = 
  arg0: -83


timestamp = 2023-10-13T11:06:35.308300800, generated = 
  arg0: -82


timestamp = 2023-10-13T11:06:35.308300800, generated = 
  arg0: -81


timestamp = 2023-10-13T11:06:35.309780400, generated = 
  arg0: -80


timestamp = 2023-10-13T11:06:35.309780400, generated = 
  arg0: -79


timestamp = 2023-10-13T11:06:35.310805900, generated = 
  arg0: -78


timestamp = 2023-10-13T11:06:35.310805900, generated = 
  arg0: -77


timestamp = 2023-10-13T11:06:35.311801200, generated = 
  arg0: -76


timestamp = 2023-10-13T11:06:35.312314300, generated = 
  arg0: -75


timestamp = 2023-10-13T11:06:35.312314300, generated = 
  arg0: -74


timestamp = 2023-10-13T11:06:35.312314300, generated = 
  arg0: -73


timestamp = 2023-10-13T11:06:35.313331400, generated = 
  arg0: -72


timestamp = 2023-10-13T11:06:35.313331400, generated = 
  arg0: -71


timestamp = 2023-10-13T11:06:35.313331400, generated = 
  arg0: -70


timestamp = 2023-10-13T11:06:35.314670800, generated = 
  arg0: -69


timestamp = 2023-10-13T11:06:35.314670800, generated = 
  arg0: -68


timestamp = 2023-10-13T11:06:35.315686900, generated = 
  arg0: -67


timestamp = 2023-10-13T11:06:35.316684900, generated = 
  arg0: -66


timestamp = 2023-10-13T11:06:35.316684900, generated = 
  arg0: -65


timestamp = 2023-10-13T11:06:35.318692, generated = 
  arg0: -64


timestamp = 2023-10-13T11:06:35.319688200, generated = 
  arg0: -63


timestamp = 2023-10-13T11:06:35.319688200, generated = 
  arg0: -62


timestamp = 2023-10-13T11:06:35.320685700, generated = 
  arg0: -61


timestamp = 2023-10-13T11:06:35.320685700, generated = 
  arg0: -60


timestamp = 2023-10-13T11:06:35.320685700, generated = 
  arg0: -59


timestamp = 2023-10-13T11:06:35.320685700, generated = 
  arg0: -58


timestamp = 2023-10-13T11:06:35.322508, generated = 
  arg0: -57


timestamp = 2023-10-13T11:06:35.323536800, generated = 
  arg0: -56


timestamp = 2023-10-13T11:06:35.324549100, generated = 
  arg0: -55


timestamp = 2023-10-13T11:06:35.324549100, generated = 
  arg0: -54


timestamp = 2023-10-13T11:06:35.324549100, generated = 
  arg0: -53


timestamp = 2023-10-13T11:06:35.325604900, generated = 
  arg0: -52


timestamp = 2023-10-13T11:06:35.325604900, generated = 
  arg0: -51


timestamp = 2023-10-13T11:06:35.327634700, generated = 
  arg0: -50


timestamp = 2023-10-13T11:06:35.328635500, generated = 
  arg0: -49


timestamp = 2023-10-13T11:06:35.329634800, generated = 
  arg0: -48


timestamp = 2023-10-13T11:06:35.329634800, generated = 
  arg0: -47


timestamp = 2023-10-13T11:06:35.331738900, generated = 
  arg0: -46


timestamp = 2023-10-13T11:06:35.334427100, generated = 
  arg0: -45


timestamp = 2023-10-13T11:06:35.335440400, generated = 
  arg0: -44


timestamp = 2023-10-13T11:06:35.335440400, generated = 
  arg0: -43


timestamp = 2023-10-13T11:06:35.335440400, generated = 
  arg0: -42


timestamp = 2023-10-13T11:06:35.335440400, generated = 
  arg0: -41


timestamp = 2023-10-13T11:06:35.336768200, generated = 
  arg0: -40


timestamp = 2023-10-13T11:06:35.336768200, generated = 
  arg0: -39


timestamp = 2023-10-13T11:06:35.336768200, generated = 
  arg0: -38


timestamp = 2023-10-13T11:06:35.337782600, generated = 
  arg0: -37


timestamp = 2023-10-13T11:06:35.337782600, generated = 
  arg0: -36


timestamp = 2023-10-13T11:06:35.337782600, generated = 
  arg0: -35


timestamp = 2023-10-13T11:06:35.338796, generated = 
  arg0: -34


timestamp = 2023-10-13T11:06:35.338796, generated = 
  arg0: -33


timestamp = 2023-10-13T11:06:35.338796, generated = 
  arg0: -32


timestamp = 2023-10-13T11:06:35.339795200, generated = 
  arg0: -31


timestamp = 2023-10-13T11:06:35.339795200, generated = 
  arg0: -30


timestamp = 2023-10-13T11:06:35.339795200, generated = 
  arg0: -29


timestamp = 2023-10-13T11:06:35.339795200, generated = 
  arg0: -28


timestamp = 2023-10-13T11:06:35.340797, generated = 
  arg0: -27


timestamp = 2023-10-13T11:06:35.340797, generated = 
  arg0: -26


timestamp = 2023-10-13T11:06:35.340797, generated = 
  arg0: -25


timestamp = 2023-10-13T11:06:35.341794500, generated = 
  arg0: -24


timestamp = 2023-10-13T11:06:35.341794500, generated = 
  arg0: -23


timestamp = 2023-10-13T11:06:35.341794500, generated = 
  arg0: -22


timestamp = 2023-10-13T11:06:35.342796700, generated = 
  arg0: -21


timestamp = 2023-10-13T11:06:35.342796700, generated = 
  arg0: -20


timestamp = 2023-10-13T11:06:35.342796700, generated = 
  arg0: -19


timestamp = 2023-10-13T11:06:35.342796700, generated = 
  arg0: -18


timestamp = 2023-10-13T11:06:35.343799100, generated = 
  arg0: -17


timestamp = 2023-10-13T11:06:35.343799100, generated = 
  arg0: -16


timestamp = 2023-10-13T11:06:35.344480200, generated = 
  arg0: -15


timestamp = 2023-10-13T11:06:35.344480200, generated = 
  arg0: -14


timestamp = 2023-10-13T11:06:35.344480200, generated = 
  arg0: -13


timestamp = 2023-10-13T11:06:35.344480200, generated = 
  arg0: -12


timestamp = 2023-10-13T11:06:35.345768900, generated = 
  arg0: -11


timestamp = 2023-10-13T11:06:35.345768900, generated = 
  arg0: -10


timestamp = 2023-10-13T11:06:35.345768900, generated = 
  arg0: -9


timestamp = 2023-10-13T11:06:35.346896900, generated = 
  arg0: -8


timestamp = 2023-10-13T11:06:35.346896900, generated = 
  arg0: -7


timestamp = 2023-10-13T11:06:35.347912700, generated = 
  arg0: -6


timestamp = 2023-10-13T11:06:35.347912700, generated = 
  arg0: -5


timestamp = 2023-10-13T11:06:35.347912700, generated = 
  arg0: -4


timestamp = 2023-10-13T11:06:35.348910800, generated = 
  arg0: -3


timestamp = 2023-10-13T11:06:35.348910800, generated = 
  arg0: -2


timestamp = 2023-10-13T11:06:35.348910800, generated = 
  arg0: -1


timestamp = 2023-10-13T11:06:35.348910800, generated = 
  arg0: 0


timestamp = 2023-10-13T11:06:35.350244900, generated = 
  arg0: 1


timestamp = 2023-10-13T11:06:35.350244900, generated = 
  arg0: 2


timestamp = 2023-10-13T11:06:35.350244900, generated = 
  arg0: 3


timestamp = 2023-10-13T11:06:35.350244900, generated = 
  arg0: 4


timestamp = 2023-10-13T11:06:35.350244900, generated = 
  arg0: 5


timestamp = 2023-10-13T11:06:35.351258200, generated = 
  arg0: 6


timestamp = 2023-10-13T11:06:35.351258200, generated = 
  arg0: 7


timestamp = 2023-10-13T11:06:35.351258200, generated = 
  arg0: 8


timestamp = 2023-10-13T11:06:35.351258200, generated = 
  arg0: 9


timestamp = 2023-10-13T11:06:35.352259700, generated = 
  arg0: 10


timestamp = 2023-10-13T11:06:35.352259700, generated = 
  arg0: 11


timestamp = 2023-10-13T11:06:35.352259700, generated = 
  arg0: 12


timestamp = 2023-10-13T11:06:35.352259700, generated = 
  arg0: 13


timestamp = 2023-10-13T11:06:35.353696700, generated = 
  arg0: 14


timestamp = 2023-10-13T11:06:35.353696700, generated = 
  arg0: 15


timestamp = 2023-10-13T11:06:35.353696700, generated = 
  arg0: 16


timestamp = 2023-10-13T11:06:35.354259200, generated = 
  arg0: 17


timestamp = 2023-10-13T11:06:35.354259200, generated = 
  arg0: 18


timestamp = 2023-10-13T11:06:35.354259200, generated = 
  arg0: 19


timestamp = 2023-10-13T11:06:35.355272400, generated = 
  arg0: 20


timestamp = 2023-10-13T11:06:35.355272400, generated = 
  arg0: 21


timestamp = 2023-10-13T11:06:35.355272400, generated = 
  arg0: 22


timestamp = 2023-10-13T11:06:35.355272400, generated = 
  arg0: 23


timestamp = 2023-10-13T11:06:35.355272400, generated = 
  arg0: 24


timestamp = 2023-10-13T11:06:35.356646300, generated = 
  arg0: 25


timestamp = 2023-10-13T11:06:35.356646300, generated = 
  arg0: 26


timestamp = 2023-10-13T11:06:35.356646300, generated = 
  arg0: 27


timestamp = 2023-10-13T11:06:35.356646300, generated = 
  arg0: 28


timestamp = 2023-10-13T11:06:35.357702200, generated = 
  arg0: 29


timestamp = 2023-10-13T11:06:35.357702200, generated = 
  arg0: 30


timestamp = 2023-10-13T11:06:35.357702200, generated = 
  arg0: 31


timestamp = 2023-10-13T11:06:35.357702200, generated = 
  arg0: 32


timestamp = 2023-10-13T11:06:35.357702200, generated = 
  arg0: 33


timestamp = 2023-10-13T11:06:35.358717800, generated = 
  arg0: 34


timestamp = 2023-10-13T11:06:35.358717800, generated = 
  arg0: 35


timestamp = 2023-10-13T11:06:35.358717800, generated = 
  arg0: 36


timestamp = 2023-10-13T11:06:35.359719100, generated = 
  arg0: 37


timestamp = 2023-10-13T11:06:35.359719100, generated = 
  arg0: 38


timestamp = 2023-10-13T11:06:35.359719100, generated = 
  arg0: 39


timestamp = 2023-10-13T11:06:35.359719100, generated = 
  arg0: 40


timestamp = 2023-10-13T11:06:35.359719100, generated = 
  arg0: 41


timestamp = 2023-10-13T11:06:35.360717, generated = 
  arg0: 42


timestamp = 2023-10-13T11:06:35.360717, generated = 
  arg0: 43


timestamp = 2023-10-13T11:06:35.360717, generated = 
  arg0: 44


timestamp = 2023-10-13T11:06:35.360717, generated = 
  arg0: 45


timestamp = 2023-10-13T11:06:35.360717, generated = 
  arg0: 46


timestamp = 2023-10-13T11:06:35.361717200, generated = 
  arg0: 47


timestamp = 2023-10-13T11:06:35.361717200, generated = 
  arg0: 48


timestamp = 2023-10-13T11:06:35.361717200, generated = 
  arg0: 49


timestamp = 2023-10-13T11:06:35.362719900, generated = 
  arg0: 50


timestamp = 2023-10-13T11:06:35.362719900, generated = 
  arg0: 51


timestamp = 2023-10-13T11:06:35.362719900, generated = 
  arg0: 52


timestamp = 2023-10-13T11:06:35.363720100, generated = 
  arg0: 53


timestamp = 2023-10-13T11:06:35.363720100, generated = 
  arg0: 54


timestamp = 2023-10-13T11:06:35.363720100, generated = 
  arg0: 55


timestamp = 2023-10-13T11:06:35.363720100, generated = 
  arg0: 56


timestamp = 2023-10-13T11:06:35.365232200, generated = 
  arg0: 57


timestamp = 2023-10-13T11:06:35.365232200, generated = 
  arg0: 58


timestamp = 2023-10-13T11:06:35.365232200, generated = 
  arg0: 59


timestamp = 2023-10-13T11:06:35.365232200, generated = 
  arg0: 60


timestamp = 2023-10-13T11:06:35.365232200, generated = 
  arg0: 61


timestamp = 2023-10-13T11:06:35.366641200, generated = 
  arg0: 62


timestamp = 2023-10-13T11:06:35.366641200, generated = 
  arg0: 63


timestamp = 2023-10-13T11:06:35.366641200, generated = 
  arg0: 64


timestamp = 2023-10-13T11:06:35.366641200, generated = 
  arg0: 65


timestamp = 2023-10-13T11:06:35.367793300, generated = 
  arg0: 66


timestamp = 2023-10-13T11:06:35.368814300, generated = 
  arg0: 67


timestamp = 2023-10-13T11:06:35.368814300, generated = 
  arg0: 68


timestamp = 2023-10-13T11:06:35.368814300, generated = 
  arg0: 69


timestamp = 2023-10-13T11:06:35.369813500, generated = 
  arg0: 70


timestamp = 2023-10-13T11:06:35.369813500, generated = 
  arg0: 71


timestamp = 2023-10-13T11:06:35.370817700, generated = 
  arg0: 72


timestamp = 2023-10-13T11:06:35.370817700, generated = 
  arg0: 73


timestamp = 2023-10-13T11:06:35.371818200, generated = 
  arg0: 74


timestamp = 2023-10-13T11:06:35.371818200, generated = 
  arg0: 75


timestamp = 2023-10-13T11:06:35.371818200, generated = 
  arg0: 76


timestamp = 2023-10-13T11:06:35.372825200, generated = 
  arg0: 77


timestamp = 2023-10-13T11:06:35.372825200, generated = 
  arg0: 78


timestamp = 2023-10-13T11:06:35.374893800, generated = 
  arg0: 79


timestamp = 2023-10-13T11:06:35.376410, generated = 
  arg0: 80


timestamp = 2023-10-13T11:06:35.377423, generated = 
  arg0: 81


timestamp = 2023-10-13T11:06:35.378436100, generated = 
  arg0: 82


timestamp = 2023-10-13T11:06:35.378436100, generated = 
  arg0: 83


timestamp = 2023-10-13T11:06:35.379434400, generated = 
  arg0: 84


timestamp = 2023-10-13T11:06:35.379434400, generated = 
  arg0: 85


timestamp = 2023-10-13T11:06:35.379434400, generated = 
  arg0: 86


timestamp = 2023-10-13T11:06:35.380578200, generated = 
  arg0: 87


timestamp = 2023-10-13T11:06:35.380578200, generated = 
  arg0: 88


timestamp = 2023-10-13T11:06:35.381588500, generated = 
  arg0: 89


timestamp = 2023-10-13T11:06:35.381588500, generated = 
  arg0: 90


timestamp = 2023-10-13T11:06:35.381588500, generated = 
  arg0: 91


timestamp = 2023-10-13T11:06:35.381588500, generated = 
  arg0: 92


timestamp = 2023-10-13T11:06:35.381588500, generated = 
  arg0: 93


timestamp = 2023-10-13T11:06:35.382721200, generated = 
  arg0: 94


timestamp = 2023-10-13T11:06:35.382721200, generated = 
  arg0: 95


timestamp = 2023-10-13T11:06:35.382721200, generated = 
  arg0: 96


timestamp = 2023-10-13T11:06:35.382721200, generated = 
  arg0: 97


timestamp = 2023-10-13T11:06:35.383747300, generated = 
  arg0: 98


timestamp = 2023-10-13T11:06:35.383747300, generated = 
  arg0: 99


timestamp = 2023-10-13T11:06:35.383747300, generated = 
  arg0: 100


timestamp = 2023-10-13T11:06:35.384742700, [CodeHW3Test:evenOrOddTest] (201) ExpectedResult = 
       # | label | count | 
    -----|-------|-------|---------------------------------------------------------------------------------
       0 | false |   100 | ###############################################################################
       1 |  true |   101 | ################################################################################

timestamp = 2023-10-13T11:06:35.386356600, [CodeHW3Test:evenOrOddTest] (201) OurMethod = 
       # | label | count | 
    -----|-------|-------|---------------------------------------------------------------------------------
       0 | false |   100 | ###############################################################################
       1 |  true |   101 | ################################################################################

timestamp = 2023-10-13T11:06:35.387784300, CodeHW3Test:evenOrOddTest = 
                              |-----------------------jqwik-----------------------
tries = 201                   | # of calls to property
checks = 201                  | # of not rejected calls
generation = EXHAUSTIVE       | parameters are exhaustively generated
after-failure = SAMPLE_FIRST  | try previously failed sample, then previous seed
when-fixed-seed = ALLOW       | fixing the random seed is allowed
edge-cases#mode = MIXIN       | edge cases are mixed in
edge-cases#total = 0          | # of all combined edge cases
edge-cases#tried = 0          | # of edge cases tried in current run
seed = 3257938683031515264    | random seed to reproduce generated values


]]></system-out>
  <system-err><![CDATA[]]></system-err>
</testsuite>
