<?xml version="1.0" encoding="UTF-8"?>
<testsuite name="T1-Concatenate Tests" tests="2" skipped="0" failures="0" errors="0" timestamp="2023-10-13T09:31:39" hostname="UNKNOWN" time="0.02">
  <properties/>
  <testcase name="T1.1-Concatenate non-null strings" classname="org.example.StringManipulatorTest$ConcatenateTests" time="0.016"/>
  <testcase name="T1.2-Concatenate with a null string" classname="org.example.StringManipulatorTest$ConcatenateTests" time="0.002"/>
  <system-out><![CDATA[]]></system-out>
  <system-err><![CDATA[]]></system-err>
</testsuite>
